

Started GET "/" for ::1 at 2018-07-25 16:51:28 +0100
Processing by Rails::WelcomeController#index as HTML
  Rendered /Users/jamesenglish/.rvm/gems/ruby-2.3.4/gems/railties-4.2.7.1/lib/rails/templates/rails/welcome/index.html.erb (2.2ms)
Completed 200 OK in 21ms (Views: 13.3ms | ActiveRecord: 0.0ms)


Started GET "/index" for ::1 at 2018-07-25 16:52:45 +0100

ActionController::RoutingError (No route matches [GET] "/index"):
  actionpack (4.2.7.1) lib/action_dispatch/middleware/debug_exceptions.rb:21:in `call'
  web-console (2.3.0) lib/web_console/middleware.rb:28:in `block in call'
  web-console (2.3.0) lib/web_console/middleware.rb:18:in `catch'
  web-console (2.3.0) lib/web_console/middleware.rb:18:in `call'
  actionpack (4.2.7.1) lib/action_dispatch/middleware/show_exceptions.rb:30:in `call'
  railties (4.2.7.1) lib/rails/rack/logger.rb:38:in `call_app'
  railties (4.2.7.1) lib/rails/rack/logger.rb:20:in `block in call'
  activesupport (4.2.7.1) lib/active_support/tagged_logging.rb:68:in `block in tagged'
  activesupport (4.2.7.1) lib/active_support/tagged_logging.rb:26:in `tagged'
  activesupport (4.2.7.1) lib/active_support/tagged_logging.rb:68:in `tagged'
  railties (4.2.7.1) lib/rails/rack/logger.rb:20:in `call'
  actionpack (4.2.7.1) lib/action_dispatch/middleware/request_id.rb:21:in `call'
  rack (1.6.10) lib/rack/methodoverride.rb:22:in `call'
  rack (1.6.10) lib/rack/runtime.rb:18:in `call'
  activesupport (4.2.7.1) lib/active_support/cache/strategy/local_cache_middleware.rb:28:in `call'
  rack (1.6.10) lib/rack/lock.rb:17:in `call'
  actionpack (4.2.7.1) lib/action_dispatch/middleware/static.rb:120:in `call'
  rack (1.6.10) lib/rack/sendfile.rb:113:in `call'
  railties (4.2.7.1) lib/rails/engine.rb:518:in `call'
  railties (4.2.7.1) lib/rails/application.rb:165:in `call'
  rack (1.6.10) lib/rack/lock.rb:17:in `call'
  rack (1.6.10) lib/rack/content_length.rb:15:in `call'
  rack (1.6.10) lib/rack/handler/webrick.rb:88:in `service'
  /Users/jamesenglish/.rvm/rubies/ruby-2.3.4/lib/ruby/2.3.0/webrick/httpserver.rb:140:in `service'
  /Users/jamesenglish/.rvm/rubies/ruby-2.3.4/lib/ruby/2.3.0/webrick/httpserver.rb:96:in `run'
  /Users/jamesenglish/.rvm/rubies/ruby-2.3.4/lib/ruby/2.3.0/webrick/server.rb:296:in `block in start_thread'


  Rendered /Users/jamesenglish/.rvm/gems/ruby-2.3.4/gems/actionpack-4.2.7.1/lib/action_dispatch/middleware/templates/rescues/_trace.html.erb (1.2ms)
  Rendered /Users/jamesenglish/.rvm/gems/ruby-2.3.4/gems/actionpack-4.2.7.1/lib/action_dispatch/middleware/templates/routes/_route.html.erb (0.7ms)
  Rendered /Users/jamesenglish/.rvm/gems/ruby-2.3.4/gems/actionpack-4.2.7.1/lib/action_dispatch/middleware/templates/routes/_table.html.erb (9.1ms)
  Rendered /Users/jamesenglish/.rvm/gems/ruby-2.3.4/gems/actionpack-4.2.7.1/lib/action_dispatch/middleware/templates/rescues/_request_and_response.html.erb (1.0ms)
  Rendered /Users/jamesenglish/.rvm/gems/ruby-2.3.4/gems/actionpack-4.2.7.1/lib/action_dispatch/middleware/templates/rescues/routing_error.html.erb within rescues/layout (122.8ms)
  Rendered /Users/jamesenglish/.rvm/gems/ruby-2.3.4/gems/web-console-2.3.0/lib/web_console/templates/_markup.html.erb (0.5ms)
  Rendered /Users/jamesenglish/.rvm/gems/ruby-2.3.4/gems/web-console-2.3.0/lib/web_console/templates/_inner_console_markup.html.erb within layouts/inlined_string (0.4ms)
  Rendered /Users/jamesenglish/.rvm/gems/ruby-2.3.4/gems/web-console-2.3.0/lib/web_console/templates/_prompt_box_markup.html.erb within layouts/inlined_string (0.3ms)
  Rendered /Users/jamesenglish/.rvm/gems/ruby-2.3.4/gems/web-console-2.3.0/lib/web_console/templates/style.css.erb within layouts/inlined_string (0.3ms)
  Rendered /Users/jamesenglish/.rvm/gems/ruby-2.3.4/gems/web-console-2.3.0/lib/web_console/templates/console.js.erb within layouts/javascript (89.5ms)
  Rendered /Users/jamesenglish/.rvm/gems/ruby-2.3.4/gems/web-console-2.3.0/lib/web_console/templates/main.js.erb within layouts/javascript (0.3ms)
  Rendered /Users/jamesenglish/.rvm/gems/ruby-2.3.4/gems/web-console-2.3.0/lib/web_console/templates/error_page.js.erb within layouts/javascript (0.3ms)
  Rendered /Users/jamesenglish/.rvm/gems/ruby-2.3.4/gems/web-console-2.3.0/lib/web_console/templates/index.html.erb (183.1ms)


Started GET "/index" for ::1 at 2018-07-25 16:53:02 +0100

ActionController::RoutingError (No route matches [GET] "/index"):
  actionpack (4.2.7.1) lib/action_dispatch/middleware/debug_exceptions.rb:21:in `call'
  web-console (2.3.0) lib/web_console/middleware.rb:28:in `block in call'
  web-console (2.3.0) lib/web_console/middleware.rb:18:in `catch'
  web-console (2.3.0) lib/web_console/middleware.rb:18:in `call'
  actionpack (4.2.7.1) lib/action_dispatch/middleware/show_exceptions.rb:30:in `call'
  railties (4.2.7.1) lib/rails/rack/logger.rb:38:in `call_app'
  railties (4.2.7.1) lib/rails/rack/logger.rb:20:in `block in call'
  activesupport (4.2.7.1) lib/active_support/tagged_logging.rb:68:in `block in tagged'
  activesupport (4.2.7.1) lib/active_support/tagged_logging.rb:26:in `tagged'
  activesupport (4.2.7.1) lib/active_support/tagged_logging.rb:68:in `tagged'
  railties (4.2.7.1) lib/rails/rack/logger.rb:20:in `call'
  actionpack (4.2.7.1) lib/action_dispatch/middleware/request_id.rb:21:in `call'
  rack (1.6.10) lib/rack/methodoverride.rb:22:in `call'
  rack (1.6.10) lib/rack/runtime.rb:18:in `call'
  activesupport (4.2.7.1) lib/active_support/cache/strategy/local_cache_middleware.rb:28:in `call'
  rack (1.6.10) lib/rack/lock.rb:17:in `call'
  actionpack (4.2.7.1) lib/action_dispatch/middleware/static.rb:120:in `call'
  rack (1.6.10) lib/rack/sendfile.rb:113:in `call'
  railties (4.2.7.1) lib/rails/engine.rb:518:in `call'
  railties (4.2.7.1) lib/rails/application.rb:165:in `call'
  rack (1.6.10) lib/rack/lock.rb:17:in `call'
  rack (1.6.10) lib/rack/content_length.rb:15:in `call'
  rack (1.6.10) lib/rack/handler/webrick.rb:88:in `service'
  /Users/jamesenglish/.rvm/rubies/ruby-2.3.4/lib/ruby/2.3.0/webrick/httpserver.rb:140:in `service'
  /Users/jamesenglish/.rvm/rubies/ruby-2.3.4/lib/ruby/2.3.0/webrick/httpserver.rb:96:in `run'
  /Users/jamesenglish/.rvm/rubies/ruby-2.3.4/lib/ruby/2.3.0/webrick/server.rb:296:in `block in start_thread'


  Rendered /Users/jamesenglish/.rvm/gems/ruby-2.3.4/gems/actionpack-4.2.7.1/lib/action_dispatch/middleware/templates/rescues/_trace.html.erb (1.2ms)
  Rendered /Users/jamesenglish/.rvm/gems/ruby-2.3.4/gems/actionpack-4.2.7.1/lib/action_dispatch/middleware/templates/routes/_route.html.erb (0.6ms)
  Rendered /Users/jamesenglish/.rvm/gems/ruby-2.3.4/gems/actionpack-4.2.7.1/lib/action_dispatch/middleware/templates/routes/_table.html.erb (1.1ms)
  Rendered /Users/jamesenglish/.rvm/gems/ruby-2.3.4/gems/actionpack-4.2.7.1/lib/action_dispatch/middleware/templates/rescues/_request_and_response.html.erb (1.0ms)
  Rendered /Users/jamesenglish/.rvm/gems/ruby-2.3.4/gems/actionpack-4.2.7.1/lib/action_dispatch/middleware/templates/rescues/routing_error.html.erb within rescues/layout (99.3ms)
  Rendered /Users/jamesenglish/.rvm/gems/ruby-2.3.4/gems/web-console-2.3.0/lib/web_console/templates/_markup.html.erb (0.4ms)
  Rendered /Users/jamesenglish/.rvm/gems/ruby-2.3.4/gems/web-console-2.3.0/lib/web_console/templates/_inner_console_markup.html.erb within layouts/inlined_string (0.3ms)
  Rendered /Users/jamesenglish/.rvm/gems/ruby-2.3.4/gems/web-console-2.3.0/lib/web_console/templates/_prompt_box_markup.html.erb within layouts/inlined_string (0.4ms)
  Rendered /Users/jamesenglish/.rvm/gems/ruby-2.3.4/gems/web-console-2.3.0/lib/web_console/templates/style.css.erb within layouts/inlined_string (0.3ms)
  Rendered /Users/jamesenglish/.rvm/gems/ruby-2.3.4/gems/web-console-2.3.0/lib/web_console/templates/console.js.erb within layouts/javascript (63.6ms)
  Rendered /Users/jamesenglish/.rvm/gems/ruby-2.3.4/gems/web-console-2.3.0/lib/web_console/templates/main.js.erb within layouts/javascript (0.4ms)
  Rendered /Users/jamesenglish/.rvm/gems/ruby-2.3.4/gems/web-console-2.3.0/lib/web_console/templates/error_page.js.erb within layouts/javascript (0.4ms)
  Rendered /Users/jamesenglish/.rvm/gems/ruby-2.3.4/gems/web-console-2.3.0/lib/web_console/templates/index.html.erb (143.4ms)


Started GET "/index" for ::1 at 2018-07-25 16:53:05 +0100

ActionController::RoutingError (No route matches [GET] "/index"):
  actionpack (4.2.7.1) lib/action_dispatch/middleware/debug_exceptions.rb:21:in `call'
  web-console (2.3.0) lib/web_console/middleware.rb:28:in `block in call'
  web-console (2.3.0) lib/web_console/middleware.rb:18:in `catch'
  web-console (2.3.0) lib/web_console/middleware.rb:18:in `call'
  actionpack (4.2.7.1) lib/action_dispatch/middleware/show_exceptions.rb:30:in `call'
  railties (4.2.7.1) lib/rails/rack/logger.rb:38:in `call_app'
  railties (4.2.7.1) lib/rails/rack/logger.rb:20:in `block in call'
  activesupport (4.2.7.1) lib/active_support/tagged_logging.rb:68:in `block in tagged'
  activesupport (4.2.7.1) lib/active_support/tagged_logging.rb:26:in `tagged'
  activesupport (4.2.7.1) lib/active_support/tagged_logging.rb:68:in `tagged'
  railties (4.2.7.1) lib/rails/rack/logger.rb:20:in `call'
  actionpack (4.2.7.1) lib/action_dispatch/middleware/request_id.rb:21:in `call'
  rack (1.6.10) lib/rack/methodoverride.rb:22:in `call'
  rack (1.6.10) lib/rack/runtime.rb:18:in `call'
  activesupport (4.2.7.1) lib/active_support/cache/strategy/local_cache_middleware.rb:28:in `call'
  rack (1.6.10) lib/rack/lock.rb:17:in `call'
  actionpack (4.2.7.1) lib/action_dispatch/middleware/static.rb:120:in `call'
  rack (1.6.10) lib/rack/sendfile.rb:113:in `call'
  railties (4.2.7.1) lib/rails/engine.rb:518:in `call'
  railties (4.2.7.1) lib/rails/application.rb:165:in `call'
  rack (1.6.10) lib/rack/lock.rb:17:in `call'
  rack (1.6.10) lib/rack/content_length.rb:15:in `call'
  rack (1.6.10) lib/rack/handler/webrick.rb:88:in `service'
  /Users/jamesenglish/.rvm/rubies/ruby-2.3.4/lib/ruby/2.3.0/webrick/httpserver.rb:140:in `service'
  /Users/jamesenglish/.rvm/rubies/ruby-2.3.4/lib/ruby/2.3.0/webrick/httpserver.rb:96:in `run'
  /Users/jamesenglish/.rvm/rubies/ruby-2.3.4/lib/ruby/2.3.0/webrick/server.rb:296:in `block in start_thread'


  Rendered /Users/jamesenglish/.rvm/gems/ruby-2.3.4/gems/actionpack-4.2.7.1/lib/action_dispatch/middleware/templates/rescues/_trace.html.erb (1.0ms)
  Rendered /Users/jamesenglish/.rvm/gems/ruby-2.3.4/gems/actionpack-4.2.7.1/lib/action_dispatch/middleware/templates/routes/_route.html.erb (0.5ms)
  Rendered /Users/jamesenglish/.rvm/gems/ruby-2.3.4/gems/actionpack-4.2.7.1/lib/action_dispatch/middleware/templates/routes/_table.html.erb (2.1ms)
  Rendered /Users/jamesenglish/.rvm/gems/ruby-2.3.4/gems/actionpack-4.2.7.1/lib/action_dispatch/middleware/templates/rescues/_request_and_response.html.erb (1.5ms)
  Rendered /Users/jamesenglish/.rvm/gems/ruby-2.3.4/gems/actionpack-4.2.7.1/lib/action_dispatch/middleware/templates/rescues/routing_error.html.erb within rescues/layout (103.9ms)
  Rendered /Users/jamesenglish/.rvm/gems/ruby-2.3.4/gems/web-console-2.3.0/lib/web_console/templates/_markup.html.erb (0.8ms)
  Rendered /Users/jamesenglish/.rvm/gems/ruby-2.3.4/gems/web-console-2.3.0/lib/web_console/templates/_inner_console_markup.html.erb within layouts/inlined_string (0.7ms)
  Rendered /Users/jamesenglish/.rvm/gems/ruby-2.3.4/gems/web-console-2.3.0/lib/web_console/templates/_prompt_box_markup.html.erb within layouts/inlined_string (0.3ms)
  Rendered /Users/jamesenglish/.rvm/gems/ruby-2.3.4/gems/web-console-2.3.0/lib/web_console/templates/style.css.erb within layouts/inlined_string (0.3ms)
  Rendered /Users/jamesenglish/.rvm/gems/ruby-2.3.4/gems/web-console-2.3.0/lib/web_console/templates/console.js.erb within layouts/javascript (65.7ms)
  Rendered /Users/jamesenglish/.rvm/gems/ruby-2.3.4/gems/web-console-2.3.0/lib/web_console/templates/main.js.erb within layouts/javascript (0.3ms)
  Rendered /Users/jamesenglish/.rvm/gems/ruby-2.3.4/gems/web-console-2.3.0/lib/web_console/templates/error_page.js.erb within layouts/javascript (0.4ms)
  Rendered /Users/jamesenglish/.rvm/gems/ruby-2.3.4/gems/web-console-2.3.0/lib/web_console/templates/index.html.erb (148.7ms)


Started GET "/index.html" for ::1 at 2018-07-25 16:53:08 +0100

ActionController::RoutingError (No route matches [GET] "/index.html"):
  actionpack (4.2.7.1) lib/action_dispatch/middleware/debug_exceptions.rb:21:in `call'
  web-console (2.3.0) lib/web_console/middleware.rb:28:in `block in call'
  web-console (2.3.0) lib/web_console/middleware.rb:18:in `catch'
  web-console (2.3.0) lib/web_console/middleware.rb:18:in `call'
  actionpack (4.2.7.1) lib/action_dispatch/middleware/show_exceptions.rb:30:in `call'
  railties (4.2.7.1) lib/rails/rack/logger.rb:38:in `call_app'
  railties (4.2.7.1) lib/rails/rack/logger.rb:20:in `block in call'
  activesupport (4.2.7.1) lib/active_support/tagged_logging.rb:68:in `block in tagged'
  activesupport (4.2.7.1) lib/active_support/tagged_logging.rb:26:in `tagged'
  activesupport (4.2.7.1) lib/active_support/tagged_logging.rb:68:in `tagged'
  railties (4.2.7.1) lib/rails/rack/logger.rb:20:in `call'
  actionpack (4.2.7.1) lib/action_dispatch/middleware/request_id.rb:21:in `call'
  rack (1.6.10) lib/rack/methodoverride.rb:22:in `call'
  rack (1.6.10) lib/rack/runtime.rb:18:in `call'
  activesupport (4.2.7.1) lib/active_support/cache/strategy/local_cache_middleware.rb:28:in `call'
  rack (1.6.10) lib/rack/lock.rb:17:in `call'
  actionpack (4.2.7.1) lib/action_dispatch/middleware/static.rb:120:in `call'
  rack (1.6.10) lib/rack/sendfile.rb:113:in `call'
  railties (4.2.7.1) lib/rails/engine.rb:518:in `call'
  railties (4.2.7.1) lib/rails/application.rb:165:in `call'
  rack (1.6.10) lib/rack/lock.rb:17:in `call'
  rack (1.6.10) lib/rack/content_length.rb:15:in `call'
  rack (1.6.10) lib/rack/handler/webrick.rb:88:in `service'
  /Users/jamesenglish/.rvm/rubies/ruby-2.3.4/lib/ruby/2.3.0/webrick/httpserver.rb:140:in `service'
  /Users/jamesenglish/.rvm/rubies/ruby-2.3.4/lib/ruby/2.3.0/webrick/httpserver.rb:96:in `run'
  /Users/jamesenglish/.rvm/rubies/ruby-2.3.4/lib/ruby/2.3.0/webrick/server.rb:296:in `block in start_thread'


  Rendered /Users/jamesenglish/.rvm/gems/ruby-2.3.4/gems/actionpack-4.2.7.1/lib/action_dispatch/middleware/templates/rescues/_trace.html.erb (2.2ms)
  Rendered /Users/jamesenglish/.rvm/gems/ruby-2.3.4/gems/actionpack-4.2.7.1/lib/action_dispatch/middleware/templates/routes/_route.html.erb (1.0ms)
  Rendered /Users/jamesenglish/.rvm/gems/ruby-2.3.4/gems/actionpack-4.2.7.1/lib/action_dispatch/middleware/templates/routes/_table.html.erb (2.4ms)
  Rendered /Users/jamesenglish/.rvm/gems/ruby-2.3.4/gems/actionpack-4.2.7.1/lib/action_dispatch/middleware/templates/rescues/_request_and_response.html.erb (1.8ms)
  Rendered /Users/jamesenglish/.rvm/gems/ruby-2.3.4/gems/actionpack-4.2.7.1/lib/action_dispatch/middleware/templates/rescues/routing_error.html.erb within rescues/layout (103.2ms)
  Rendered /Users/jamesenglish/.rvm/gems/ruby-2.3.4/gems/web-console-2.3.0/lib/web_console/templates/_markup.html.erb (0.5ms)
  Rendered /Users/jamesenglish/.rvm/gems/ruby-2.3.4/gems/web-console-2.3.0/lib/web_console/templates/_inner_console_markup.html.erb within layouts/inlined_string (0.6ms)
  Rendered /Users/jamesenglish/.rvm/gems/ruby-2.3.4/gems/web-console-2.3.0/lib/web_console/templates/_prompt_box_markup.html.erb within layouts/inlined_string (0.3ms)
  Rendered /Users/jamesenglish/.rvm/gems/ruby-2.3.4/gems/web-console-2.3.0/lib/web_console/templates/style.css.erb within layouts/inlined_string (0.3ms)
  Rendered /Users/jamesenglish/.rvm/gems/ruby-2.3.4/gems/web-console-2.3.0/lib/web_console/templates/console.js.erb within layouts/javascript (66.5ms)
  Rendered /Users/jamesenglish/.rvm/gems/ruby-2.3.4/gems/web-console-2.3.0/lib/web_console/templates/main.js.erb within layouts/javascript (0.4ms)
  Rendered /Users/jamesenglish/.rvm/gems/ruby-2.3.4/gems/web-console-2.3.0/lib/web_console/templates/error_page.js.erb within layouts/javascript (0.4ms)
  Rendered /Users/jamesenglish/.rvm/gems/ruby-2.3.4/gems/web-console-2.3.0/lib/web_console/templates/index.html.erb (147.4ms)


Started GET "/home/index.html" for ::1 at 2018-07-25 16:54:09 +0100
Processing by HomeController#index as HTML
  Rendered home/index.html.erb within layouts/application (0.3ms)
Completed 200 OK in 541ms (Views: 540.5ms | ActiveRecord: 0.0ms)


Started GET "/assets/home.self-e3b0c44298fc1c149afbf4c8996fb92427ae41e4649b934ca495991b7852b855.css?body=1" for ::1 at 2018-07-25 16:54:10 +0100


Started GET "/assets/application.self-e80e8f2318043e8af94dddc2adad5a4f09739a8ebb323b3ab31cd71d45fd9113.css?body=1" for ::1 at 2018-07-25 16:54:10 +0100


Started GET "/assets/application.self-3b8dabdc891efe46b9a144b400ad69e37d7e5876bdc39dee783419a69d7ca819.js?body=1" for ::1 at 2018-07-25 16:54:10 +0100


Started GET "/assets/jquery.self-bd7ddd393353a8d2480a622e80342adf488fb6006d667e8b42e4c0073393abee.js?body=1" for ::1 at 2018-07-25 16:54:10 +0100


Started GET "/assets/turbolinks.self-2db6ec539b9190f75e1d477b305df53d12904d5cafdd47c7ffd91ba25cbec128.js?body=1" for ::1 at 2018-07-25 16:54:10 +0100


Started GET "/assets/jquery_ujs.self-784a997f6726036b1993eb2217c9cb558e1cbb801c6da88105588c56f13b466a.js?body=1" for ::1 at 2018-07-25 16:54:10 +0100


Started GET "/assets/home.self-877aef30ae1b040ab8a3aba4e3e309a11d7f2612f44dde450b5c157aa5f95c05.js?body=1" for ::1 at 2018-07-25 16:54:10 +0100


Started GET "/" for ::1 at 2018-07-25 16:56:47 +0100
Processing by HomeController#index as HTML
  Rendered home/index.html.erb within layouts/application (0.3ms)
Completed 200 OK in 25ms (Views: 24.3ms | ActiveRecord: 0.0ms)


Started GET "/" for ::1 at 2018-07-25 16:59:50 +0100
Processing by HomeController#index as HTML
  Rendered home/index.html.erb within layouts/application (0.0ms)
Completed 200 OK in 23ms (Views: 22.4ms | ActiveRecord: 0.0ms)


Started GET "/about" for ::1 at 2018-07-25 16:59:58 +0100
Processing by HomeController#about as HTML
  Rendered home/about.html.erb within layouts/application (0.4ms)
Completed 200 OK in 14ms (Views: 13.9ms | ActiveRecord: 0.0ms)


Started GET "/about" for ::1 at 2018-07-25 17:04:32 +0100
Processing by HomeController#about as HTML
  Rendered home/about.html.erb within layouts/application (0.3ms)
Completed 200 OK in 53ms (Views: 49.3ms | ActiveRecord: 0.0ms)


Started GET "/assets/jquery.self-bd7ddd393353a8d2480a622e80342adf488fb6006d667e8b42e4c0073393abee.js?body=1" for ::1 at 2018-07-25 17:04:32 +0100


Started GET "/assets/application.self-3b8dabdc891efe46b9a144b400ad69e37d7e5876bdc39dee783419a69d7ca819.js?body=1" for ::1 at 2018-07-25 17:04:32 +0100


Started GET "/assets/jquery_ujs.self-784a997f6726036b1993eb2217c9cb558e1cbb801c6da88105588c56f13b466a.js?body=1" for ::1 at 2018-07-25 17:04:32 +0100


Started GET "/assets/turbolinks.self-2db6ec539b9190f75e1d477b305df53d12904d5cafdd47c7ffd91ba25cbec128.js?body=1" for ::1 at 2018-07-25 17:04:32 +0100


Started GET "/assets/home.self-e3b0c44298fc1c149afbf4c8996fb92427ae41e4649b934ca495991b7852b855.css?body=1" for ::1 at 2018-07-25 17:04:32 +0100


Started GET "/assets/home.self-877aef30ae1b040ab8a3aba4e3e309a11d7f2612f44dde450b5c157aa5f95c05.js?body=1" for ::1 at 2018-07-25 17:04:32 +0100


Started GET "/assets/application.self-e80e8f2318043e8af94dddc2adad5a4f09739a8ebb323b3ab31cd71d45fd9113.css?body=1" for ::1 at 2018-07-25 17:04:32 +0100


Started GET "/about" for ::1 at 2018-07-25 17:06:58 +0100
Processing by HomeController#about as HTML
  Rendered home/about.html.erb within layouts/application (0.4ms)
Completed 200 OK in 29ms (Views: 27.8ms | ActiveRecord: 0.0ms)


Started GET "/about" for ::1 at 2018-07-25 17:07:00 +0100
Processing by HomeController#about as HTML
  Rendered home/about.html.erb within layouts/application (0.1ms)
Completed 200 OK in 15ms (Views: 14.2ms | ActiveRecord: 0.0ms)


Started GET "/about" for ::1 at 2018-07-25 17:07:02 +0100
Processing by HomeController#about as HTML
  Rendered home/about.html.erb within layouts/application (0.1ms)
Completed 200 OK in 15ms (Views: 14.2ms | ActiveRecord: 0.0ms)


Started GET "/about" for ::1 at 2018-07-25 17:07:25 +0100
Processing by HomeController#about as HTML
  Rendered home/about.html.erb within layouts/application (0.0ms)
Completed 200 OK in 27ms (Views: 26.2ms | ActiveRecord: 0.0ms)


Started GET "/about" for ::1 at 2018-07-25 17:07:27 +0100
Processing by HomeController#about as HTML
  Rendered home/about.html.erb within layouts/application (0.0ms)
Completed 200 OK in 16ms (Views: 15.1ms | ActiveRecord: 0.0ms)


Started GET "/about" for ::1 at 2018-07-25 17:07:28 +0100
Processing by HomeController#about as HTML
  Rendered home/about.html.erb within layouts/application (0.0ms)
Completed 200 OK in 17ms (Views: 16.6ms | ActiveRecord: 0.0ms)


Started GET "/about" for ::1 at 2018-07-25 17:09:24 +0100
Processing by HomeController#about as HTML
  Rendered home/about.html.erb within layouts/application (0.0ms)
Completed 200 OK in 23ms (Views: 22.4ms | ActiveRecord: 0.0ms)


Started GET "/.../64x64" for ::1 at 2018-07-25 17:09:24 +0100

ActionController::RoutingError (No route matches [GET] "/.../64x64"):
  actionpack (4.2.7.1) lib/action_dispatch/middleware/debug_exceptions.rb:21:in `call'
  web-console (2.3.0) lib/web_console/middleware.rb:28:in `block in call'
  web-console (2.3.0) lib/web_console/middleware.rb:18:in `catch'
  web-console (2.3.0) lib/web_console/middleware.rb:18:in `call'
  actionpack (4.2.7.1) lib/action_dispatch/middleware/show_exceptions.rb:30:in `call'
  railties (4.2.7.1) lib/rails/rack/logger.rb:38:in `call_app'
  railties (4.2.7.1) lib/rails/rack/logger.rb:20:in `block in call'
  activesupport (4.2.7.1) lib/active_support/tagged_logging.rb:68:in `block in tagged'
  activesupport (4.2.7.1) lib/active_support/tagged_logging.rb:26:in `tagged'
  activesupport (4.2.7.1) lib/active_support/tagged_logging.rb:68:in `tagged'
  railties (4.2.7.1) lib/rails/rack/logger.rb:20:in `call'
  actionpack (4.2.7.1) lib/action_dispatch/middleware/request_id.rb:21:in `call'
  rack (1.6.10) lib/rack/methodoverride.rb:22:in `call'
  rack (1.6.10) lib/rack/runtime.rb:18:in `call'
  activesupport (4.2.7.1) lib/active_support/cache/strategy/local_cache_middleware.rb:28:in `call'
  rack (1.6.10) lib/rack/lock.rb:17:in `call'
  actionpack (4.2.7.1) lib/action_dispatch/middleware/static.rb:120:in `call'
  rack (1.6.10) lib/rack/sendfile.rb:113:in `call'
  railties (4.2.7.1) lib/rails/engine.rb:518:in `call'
  railties (4.2.7.1) lib/rails/application.rb:165:in `call'
  rack (1.6.10) lib/rack/lock.rb:17:in `call'
  rack (1.6.10) lib/rack/content_length.rb:15:in `call'
  rack (1.6.10) lib/rack/handler/webrick.rb:88:in `service'
  /Users/jamesenglish/.rvm/rubies/ruby-2.3.4/lib/ruby/2.3.0/webrick/httpserver.rb:140:in `service'
  /Users/jamesenglish/.rvm/rubies/ruby-2.3.4/lib/ruby/2.3.0/webrick/httpserver.rb:96:in `run'
  /Users/jamesenglish/.rvm/rubies/ruby-2.3.4/lib/ruby/2.3.0/webrick/server.rb:296:in `block in start_thread'


  Rendered /Users/jamesenglish/.rvm/gems/ruby-2.3.4/gems/actionpack-4.2.7.1/lib/action_dispatch/middleware/templates/rescues/_trace.html.erb (3.6ms)
  Rendered /Users/jamesenglish/.rvm/gems/ruby-2.3.4/gems/actionpack-4.2.7.1/lib/action_dispatch/middleware/templates/routes/_route.html.erb (2.2ms)
  Rendered /Users/jamesenglish/.rvm/gems/ruby-2.3.4/gems/actionpack-4.2.7.1/lib/action_dispatch/middleware/templates/routes/_table.html.erb (3.3ms)
  Rendered /Users/jamesenglish/.rvm/gems/ruby-2.3.4/gems/actionpack-4.2.7.1/lib/action_dispatch/middleware/templates/rescues/_request_and_response.html.erb (4.3ms)
  Rendered /Users/jamesenglish/.rvm/gems/ruby-2.3.4/gems/actionpack-4.2.7.1/lib/action_dispatch/middleware/templates/rescues/routing_error.html.erb within rescues/layout (136.1ms)
  Rendered /Users/jamesenglish/.rvm/gems/ruby-2.3.4/gems/web-console-2.3.0/lib/web_console/templates/_markup.html.erb (2.0ms)
  Rendered /Users/jamesenglish/.rvm/gems/ruby-2.3.4/gems/web-console-2.3.0/lib/web_console/templates/_inner_console_markup.html.erb within layouts/inlined_string (0.4ms)
  Rendered /Users/jamesenglish/.rvm/gems/ruby-2.3.4/gems/web-console-2.3.0/lib/web_console/templates/_prompt_box_markup.html.erb within layouts/inlined_string (0.4ms)
  Rendered /Users/jamesenglish/.rvm/gems/ruby-2.3.4/gems/web-console-2.3.0/lib/web_console/templates/style.css.erb within layouts/inlined_string (0.4ms)
  Rendered /Users/jamesenglish/.rvm/gems/ruby-2.3.4/gems/web-console-2.3.0/lib/web_console/templates/console.js.erb within layouts/javascript (98.6ms)
  Rendered /Users/jamesenglish/.rvm/gems/ruby-2.3.4/gems/web-console-2.3.0/lib/web_console/templates/main.js.erb within layouts/javascript (0.5ms)
  Rendered /Users/jamesenglish/.rvm/gems/ruby-2.3.4/gems/web-console-2.3.0/lib/web_console/templates/error_page.js.erb within layouts/javascript (0.5ms)
  Rendered /Users/jamesenglish/.rvm/gems/ruby-2.3.4/gems/web-console-2.3.0/lib/web_console/templates/index.html.erb (194.2ms)


Started GET "/about" for ::1 at 2018-07-25 17:11:14 +0100
Processing by HomeController#about as HTML
  Rendered home/about.html.erb within layouts/application (0.2ms)
Completed 200 OK in 52ms (Views: 45.9ms | ActiveRecord: 0.0ms)


Started GET "/assets/application.self-e80e8f2318043e8af94dddc2adad5a4f09739a8ebb323b3ab31cd71d45fd9113.css?body=1" for ::1 at 2018-07-25 17:11:14 +0100


Started GET "/assets/jquery_ujs.self-784a997f6726036b1993eb2217c9cb558e1cbb801c6da88105588c56f13b466a.js?body=1" for ::1 at 2018-07-25 17:11:14 +0100


Started GET "/assets/turbolinks.self-2db6ec539b9190f75e1d477b305df53d12904d5cafdd47c7ffd91ba25cbec128.js?body=1" for ::1 at 2018-07-25 17:11:14 +0100


Started GET "/assets/jquery.self-bd7ddd393353a8d2480a622e80342adf488fb6006d667e8b42e4c0073393abee.js?body=1" for ::1 at 2018-07-25 17:11:14 +0100


Started GET "/assets/home.self-e3b0c44298fc1c149afbf4c8996fb92427ae41e4649b934ca495991b7852b855.css?body=1" for ::1 at 2018-07-25 17:11:14 +0100


Started GET "/assets/home.self-877aef30ae1b040ab8a3aba4e3e309a11d7f2612f44dde450b5c157aa5f95c05.js?body=1" for ::1 at 2018-07-25 17:11:14 +0100


Started GET "/assets/application.self-3b8dabdc891efe46b9a144b400ad69e37d7e5876bdc39dee783419a69d7ca819.js?body=1" for ::1 at 2018-07-25 17:11:14 +0100


Started GET "/about" for ::1 at 2018-07-25 17:11:57 +0100
Processing by HomeController#about as HTML
  Rendered home/about.html.erb within layouts/application (0.1ms)
Completed 200 OK in 42ms (Views: 40.6ms | ActiveRecord: 0.0ms)


Started GET "/assets/application.self-e80e8f2318043e8af94dddc2adad5a4f09739a8ebb323b3ab31cd71d45fd9113.css?body=1" for ::1 at 2018-07-25 17:11:57 +0100


Started GET "/assets/turbolinks.self-2db6ec539b9190f75e1d477b305df53d12904d5cafdd47c7ffd91ba25cbec128.js?body=1" for ::1 at 2018-07-25 17:11:57 +0100


Started GET "/assets/application.self-3b8dabdc891efe46b9a144b400ad69e37d7e5876bdc39dee783419a69d7ca819.js?body=1" for ::1 at 2018-07-25 17:11:57 +0100


Started GET "/assets/home.self-877aef30ae1b040ab8a3aba4e3e309a11d7f2612f44dde450b5c157aa5f95c05.js?body=1" for ::1 at 2018-07-25 17:11:57 +0100


Started GET "/assets/jquery.self-bd7ddd393353a8d2480a622e80342adf488fb6006d667e8b42e4c0073393abee.js?body=1" for ::1 at 2018-07-25 17:11:57 +0100


Started GET "/assets/home.self-e3b0c44298fc1c149afbf4c8996fb92427ae41e4649b934ca495991b7852b855.css?body=1" for ::1 at 2018-07-25 17:11:57 +0100


Started GET "/assets/jquery_ujs.self-784a997f6726036b1993eb2217c9cb558e1cbb801c6da88105588c56f13b466a.js?body=1" for ::1 at 2018-07-25 17:11:57 +0100


Started GET "/about" for ::1 at 2018-07-25 17:12:26 +0100
Processing by HomeController#about as HTML
  Rendered home/about.html.erb within layouts/application (0.0ms)
Completed 200 OK in 16ms (Views: 15.9ms | ActiveRecord: 0.0ms)


Started GET "/assets/home.self-e3b0c44298fc1c149afbf4c8996fb92427ae41e4649b934ca495991b7852b855.css?body=1" for ::1 at 2018-07-25 17:12:26 +0100


Started GET "/assets/application.self-e80e8f2318043e8af94dddc2adad5a4f09739a8ebb323b3ab31cd71d45fd9113.css?body=1" for ::1 at 2018-07-25 17:12:26 +0100


Started GET "/assets/jquery.self-bd7ddd393353a8d2480a622e80342adf488fb6006d667e8b42e4c0073393abee.js?body=1" for ::1 at 2018-07-25 17:12:26 +0100


Started GET "/assets/application.self-3b8dabdc891efe46b9a144b400ad69e37d7e5876bdc39dee783419a69d7ca819.js?body=1" for ::1 at 2018-07-25 17:12:26 +0100


Started GET "/assets/jquery_ujs.self-784a997f6726036b1993eb2217c9cb558e1cbb801c6da88105588c56f13b466a.js?body=1" for ::1 at 2018-07-25 17:12:26 +0100


Started GET "/assets/turbolinks.self-2db6ec539b9190f75e1d477b305df53d12904d5cafdd47c7ffd91ba25cbec128.js?body=1" for ::1 at 2018-07-25 17:12:26 +0100


Started GET "/assets/home.self-877aef30ae1b040ab8a3aba4e3e309a11d7f2612f44dde450b5c157aa5f95c05.js?body=1" for ::1 at 2018-07-25 17:12:26 +0100


Started GET "/about" for ::1 at 2018-07-25 17:13:25 +0100
Processing by HomeController#about as HTML
  Rendered home/about.html.erb within layouts/application (0.0ms)
Completed 200 OK in 27ms (Views: 26.3ms | ActiveRecord: 0.0ms)


Started GET "/assets/jquery.self-bd7ddd393353a8d2480a622e80342adf488fb6006d667e8b42e4c0073393abee.js?body=1" for ::1 at 2018-07-25 17:13:25 +0100


Started GET "/assets/jquery_ujs.self-784a997f6726036b1993eb2217c9cb558e1cbb801c6da88105588c56f13b466a.js?body=1" for ::1 at 2018-07-25 17:13:25 +0100


Started GET "/assets/application.self-3b8dabdc891efe46b9a144b400ad69e37d7e5876bdc39dee783419a69d7ca819.js?body=1" for ::1 at 2018-07-25 17:13:25 +0100


Started GET "/assets/application.self-e80e8f2318043e8af94dddc2adad5a4f09739a8ebb323b3ab31cd71d45fd9113.css?body=1" for ::1 at 2018-07-25 17:13:25 +0100


Started GET "/assets/home.self-877aef30ae1b040ab8a3aba4e3e309a11d7f2612f44dde450b5c157aa5f95c05.js?body=1" for ::1 at 2018-07-25 17:13:25 +0100


Started GET "/assets/home.self-e3b0c44298fc1c149afbf4c8996fb92427ae41e4649b934ca495991b7852b855.css?body=1" for ::1 at 2018-07-25 17:13:25 +0100


Started GET "/assets/turbolinks.self-2db6ec539b9190f75e1d477b305df53d12904d5cafdd47c7ffd91ba25cbec128.js?body=1" for ::1 at 2018-07-25 17:13:26 +0100


Started GET "/about" for ::1 at 2018-07-25 17:17:18 +0100
Processing by HomeController#about as HTML
  Rendered home/about.html.erb within layouts/application (0.4ms)
Completed 200 OK in 52ms (Views: 47.9ms | ActiveRecord: 0.0ms)


Started GET "/assets/home.self-e3b0c44298fc1c149afbf4c8996fb92427ae41e4649b934ca495991b7852b855.css?body=1" for ::1 at 2018-07-25 17:17:18 +0100


Started GET "/assets/jquery.self-bd7ddd393353a8d2480a622e80342adf488fb6006d667e8b42e4c0073393abee.js?body=1" for ::1 at 2018-07-25 17:17:18 +0100


Started GET "/assets/application.self-e80e8f2318043e8af94dddc2adad5a4f09739a8ebb323b3ab31cd71d45fd9113.css?body=1" for ::1 at 2018-07-25 17:17:18 +0100


Started GET "/assets/turbolinks.self-2db6ec539b9190f75e1d477b305df53d12904d5cafdd47c7ffd91ba25cbec128.js?body=1" for ::1 at 2018-07-25 17:17:18 +0100


Started GET "/assets/home.self-877aef30ae1b040ab8a3aba4e3e309a11d7f2612f44dde450b5c157aa5f95c05.js?body=1" for ::1 at 2018-07-25 17:17:18 +0100


Started GET "/assets/jquery_ujs.self-784a997f6726036b1993eb2217c9cb558e1cbb801c6da88105588c56f13b466a.js?body=1" for ::1 at 2018-07-25 17:17:18 +0100


Started GET "/assets/application.self-3b8dabdc891efe46b9a144b400ad69e37d7e5876bdc39dee783419a69d7ca819.js?body=1" for ::1 at 2018-07-25 17:17:18 +0100


Started GET "/about" for ::1 at 2018-07-25 17:17:52 +0100
Processing by HomeController#about as HTML
  Rendered home/about.html.erb within layouts/application (0.0ms)
Completed 200 OK in 26ms (Views: 24.8ms | ActiveRecord: 0.0ms)
